2025-05-13 18:16:24,864:WARNING:
'cuml' is a soft dependency and not included in the pycaret installation. Please run: `pip install cuml` to install.
2025-05-13 18:16:24,864:WARNING:
'cuml' is a soft dependency and not included in the pycaret installation. Please run: `pip install cuml` to install.
2025-05-13 18:16:24,864:WARNING:
'cuml' is a soft dependency and not included in the pycaret installation. Please run: `pip install cuml` to install.
2025-05-13 18:16:24,864:WARNING:
'cuml' is a soft dependency and not included in the pycaret installation. Please run: `pip install cuml` to install.
2025-05-13 18:19:32,311:WARNING:
'cuml' is a soft dependency and not included in the pycaret installation. Please run: `pip install cuml` to install.
2025-05-13 18:19:32,311:WARNING:
'cuml' is a soft dependency and not included in the pycaret installation. Please run: `pip install cuml` to install.
2025-05-13 18:19:32,311:WARNING:
'cuml' is a soft dependency and not included in the pycaret installation. Please run: `pip install cuml` to install.
2025-05-13 18:19:32,311:WARNING:
'cuml' is a soft dependency and not included in the pycaret installation. Please run: `pip install cuml` to install.
2025-05-13 18:19:33,178:INFO:PyCaret ClusteringExperiment
2025-05-13 18:19:33,179:INFO:Logging name: cluster-default-name
2025-05-13 18:19:33,179:INFO:ML Usecase: MLUsecase.CLUSTERING
2025-05-13 18:19:33,179:INFO:version 3.3.2
2025-05-13 18:19:33,179:INFO:Initializing setup()
2025-05-13 18:19:33,179:INFO:self.USI: ab01
2025-05-13 18:19:33,179:INFO:self._variable_keys: {'gpu_param', 'gpu_n_jobs_param', 'X', 'data', 'memory', 'logging_param', 'seed', 'idx', 'log_plots_param', 'exp_name_log', '_available_plots', 'pipeline', 'html_param', 'USI', 'exp_id', 'n_jobs_param', '_ml_usecase'}
2025-05-13 18:19:33,179:INFO:Checking environment
2025-05-13 18:19:33,179:INFO:python_version: 3.11.11
2025-05-13 18:19:33,179:INFO:python_build: ('main', 'Dec 11 2024 16:28:39')
2025-05-13 18:19:33,179:INFO:machine: x86_64
2025-05-13 18:19:33,179:INFO:platform: Linux-6.14.6-2-cachyos-x86_64-with-glibc2.41
2025-05-13 18:19:33,180:INFO:Memory: svmem(total=16523337728, available=9650470912, percent=41.6, used=5254045696, free=3717218304, active=5417857024, inactive=5072228352, buffers=4067328, cached=7548006400, shared=1267113984, slab=684838912)
2025-05-13 18:19:33,181:INFO:Physical Core: 4
2025-05-13 18:19:33,181:INFO:Logical Core: 8
2025-05-13 18:19:33,181:INFO:Checking libraries
2025-05-13 18:19:33,181:INFO:System:
2025-05-13 18:19:33,181:INFO:    python: 3.11.11 (main, Dec 11 2024, 16:28:39) [GCC 11.2.0]
2025-05-13 18:19:33,181:INFO:executable: /home/abdullatif/miniconda3/envs/pycaret/bin/python
2025-05-13 18:19:33,181:INFO:   machine: Linux-6.14.6-2-cachyos-x86_64-with-glibc2.41
2025-05-13 18:19:33,181:INFO:PyCaret required dependencies:
2025-05-13 18:19:33,204:INFO:                 pip: 25.1
2025-05-13 18:19:33,204:INFO:          setuptools: 78.1.1
2025-05-13 18:19:33,204:INFO:             pycaret: 3.3.2
2025-05-13 18:19:33,204:INFO:             IPython: 9.2.0
2025-05-13 18:19:33,204:INFO:          ipywidgets: 8.1.7
2025-05-13 18:19:33,204:INFO:                tqdm: 4.67.1
2025-05-13 18:19:33,204:INFO:               numpy: 1.26.4
2025-05-13 18:19:33,204:INFO:              pandas: 2.1.4
2025-05-13 18:19:33,204:INFO:              jinja2: 3.1.6
2025-05-13 18:19:33,204:INFO:               scipy: 1.11.4
2025-05-13 18:19:33,204:INFO:              joblib: 1.3.2
2025-05-13 18:19:33,204:INFO:             sklearn: 1.4.2
2025-05-13 18:19:33,204:INFO:                pyod: 2.0.5
2025-05-13 18:19:33,204:INFO:            imblearn: 0.13.0
2025-05-13 18:19:33,204:INFO:   category_encoders: 2.7.0
2025-05-13 18:19:33,204:INFO:            lightgbm: 4.6.0
2025-05-13 18:19:33,205:INFO:               numba: 0.61.2
2025-05-13 18:19:33,205:INFO:            requests: 2.32.3
2025-05-13 18:19:33,205:INFO:          matplotlib: 3.7.5
2025-05-13 18:19:33,205:INFO:          scikitplot: 0.3.7
2025-05-13 18:19:33,205:INFO:         yellowbrick: 1.5
2025-05-13 18:19:33,205:INFO:              plotly: 5.24.1
2025-05-13 18:19:33,205:INFO:    plotly-resampler: Not installed
2025-05-13 18:19:33,205:INFO:             kaleido: 0.2.1
2025-05-13 18:19:33,205:INFO:           schemdraw: 0.15
2025-05-13 18:19:33,205:INFO:         statsmodels: 0.14.4
2025-05-13 18:19:33,205:INFO:              sktime: 0.26.0
2025-05-13 18:19:33,205:INFO:               tbats: 1.1.3
2025-05-13 18:19:33,205:INFO:            pmdarima: 2.0.4
2025-05-13 18:19:33,205:INFO:              psutil: 5.9.0
2025-05-13 18:19:33,205:INFO:          markupsafe: 3.0.2
2025-05-13 18:19:33,205:INFO:             pickle5: Not installed
2025-05-13 18:19:33,205:INFO:         cloudpickle: 3.1.1
2025-05-13 18:19:33,205:INFO:         deprecation: 2.1.0
2025-05-13 18:19:33,205:INFO:              xxhash: 3.5.0
2025-05-13 18:19:33,205:INFO:           wurlitzer: 3.1.1
2025-05-13 18:19:33,205:INFO:PyCaret optional dependencies:
2025-05-13 18:19:33,217:INFO:                shap: Not installed
2025-05-13 18:19:33,217:INFO:           interpret: Not installed
2025-05-13 18:19:33,217:INFO:                umap: Not installed
2025-05-13 18:19:33,217:INFO:     ydata_profiling: Not installed
2025-05-13 18:19:33,217:INFO:  explainerdashboard: Not installed
2025-05-13 18:19:33,217:INFO:             autoviz: Not installed
2025-05-13 18:19:33,217:INFO:           fairlearn: Not installed
2025-05-13 18:19:33,217:INFO:          deepchecks: Not installed
2025-05-13 18:19:33,217:INFO:             xgboost: Not installed
2025-05-13 18:19:33,217:INFO:            catboost: Not installed
2025-05-13 18:19:33,217:INFO:              kmodes: Not installed
2025-05-13 18:19:33,217:INFO:             mlxtend: Not installed
2025-05-13 18:19:33,217:INFO:       statsforecast: Not installed
2025-05-13 18:19:33,217:INFO:        tune_sklearn: Not installed
2025-05-13 18:19:33,217:INFO:                 ray: Not installed
2025-05-13 18:19:33,217:INFO:            hyperopt: Not installed
2025-05-13 18:19:33,217:INFO:              optuna: Not installed
2025-05-13 18:19:33,217:INFO:               skopt: Not installed
2025-05-13 18:19:33,218:INFO:              mlflow: Not installed
2025-05-13 18:19:33,218:INFO:              gradio: Not installed
2025-05-13 18:19:33,218:INFO:             fastapi: Not installed
2025-05-13 18:19:33,218:INFO:             uvicorn: Not installed
2025-05-13 18:19:33,218:INFO:              m2cgen: Not installed
2025-05-13 18:19:33,218:INFO:           evidently: Not installed
2025-05-13 18:19:33,218:INFO:               fugue: Not installed
2025-05-13 18:19:33,218:INFO:           streamlit: Not installed
2025-05-13 18:19:33,218:INFO:             prophet: Not installed
2025-05-13 18:19:33,218:INFO:None
2025-05-13 18:19:33,218:INFO:Set up data.
2025-05-13 18:19:33,228:INFO:Set up index.
2025-05-13 18:19:33,228:INFO:Assigning column types.
2025-05-13 18:19:33,231:INFO:Engine successfully changes for model 'kmeans' to 'sklearn'.
2025-05-13 18:19:33,232:INFO:Engine for model 'dbscan' has not been set explicitly, hence returning None.
2025-05-13 18:19:33,232:WARNING:
'kmodes' is a soft dependency and not included in the pycaret installation. Please run: `pip install kmodes` to install.
Alternately, you can install this by running `pip install pycaret[models]`
2025-05-13 18:19:33,232:INFO:Engine for model 'dbscan' has not been set explicitly, hence returning None.
2025-05-13 18:19:33,232:WARNING:
'kmodes' is a soft dependency and not included in the pycaret installation. Please run: `pip install kmodes` to install.
Alternately, you can install this by running `pip install pycaret[models]`
2025-05-13 18:19:33,232:INFO:Engine successfully changes for model 'dbscan' to 'sklearn'.
2025-05-13 18:19:33,232:WARNING:
'kmodes' is a soft dependency and not included in the pycaret installation. Please run: `pip install kmodes` to install.
Alternately, you can install this by running `pip install pycaret[models]`
2025-05-13 18:19:33,232:WARNING:
'kmodes' is a soft dependency and not included in the pycaret installation. Please run: `pip install kmodes` to install.
Alternately, you can install this by running `pip install pycaret[models]`
2025-05-13 18:19:33,233:INFO:Preparing preprocessing pipeline...
2025-05-13 18:19:33,233:INFO:Set up simple imputation.
2025-05-13 18:19:33,235:INFO:Set up encoding of categorical features.
2025-05-13 18:19:33,309:INFO:Finished creating preprocessing pipeline.
2025-05-13 18:19:33,316:INFO:Pipeline: Pipeline(memory=FastMemory(location=/tmp/joblib),
         steps=[('numerical_imputer',
                 TransformerWrapper(include=['Military Strength Power Index',
                                             'Aircraft Strength value',
                                             'Fighter/Interceptor Strength '
                                             'value',
                                             'Attack Aircraft Strength value',
                                             'Transport Aircraft Fleet '
                                             'Strength value',
                                             'Trainer Aircraft Fleet value',
                                             'Helicopter Fleet Strength value',
                                             'Attack Helicopter Fleet Stre...
                                             'Total Border Coverage value', ...],
                                    transformer=SimpleImputer())),
                ('categorical_imputer',
                 TransformerWrapper(include=['Military Strength'],
                                    transformer=SimpleImputer(strategy='most_frequent'))),
                ('onehot_encoding',
                 TransformerWrapper(include=['Military Strength'],
                                    transformer=OneHotEncoder(cols=['Military '
                                                                    'Strength'],
                                                              handle_missing='return_nan',
                                                              use_cat_names=True)))])
2025-05-13 18:19:33,316:INFO:Creating final display dataframe.
2025-05-13 18:19:33,503:INFO:Setup _display_container:                  Description                 Value
0                 Session id                  5772
1        Original data shape             (138, 34)
2     Transformed data shape            (138, 171)
3           Numeric features                    33
4       Categorical features                     1
5                 Preprocess                  True
6            Imputation type                simple
7         Numeric imputation                  mean
8     Categorical imputation                  mode
9   Maximum one-hot encoding                    -1
10           Encoding method                  None
11                  CPU Jobs                    -1
12                   Use GPU                 False
13            Log Experiment                 False
14           Experiment Name  cluster-default-name
15                       USI                  ab01
2025-05-13 18:19:33,508:WARNING:
'kmodes' is a soft dependency and not included in the pycaret installation. Please run: `pip install kmodes` to install.
Alternately, you can install this by running `pip install pycaret[models]`
2025-05-13 18:19:33,508:WARNING:
'kmodes' is a soft dependency and not included in the pycaret installation. Please run: `pip install kmodes` to install.
Alternately, you can install this by running `pip install pycaret[models]`
2025-05-13 18:19:33,509:INFO:setup() successfully completed in 0.33s...............
2025-05-13 18:19:34,724:INFO:Initializing create_model()
2025-05-13 18:19:34,724:INFO:create_model(self=<pycaret.clustering.oop.ClusteringExperiment object at 0x78461ffa0b10>, estimator=kmeans, num_clusters=3, fraction=0.05, ground_truth=None, round=4, fit_kwargs=None, experiment_custom_tags=None, verbose=True, system=True, add_to_model_list=True, raise_num_clusters=False, display=None, kwargs={})
2025-05-13 18:19:34,724:INFO:Checking exceptions
2025-05-13 18:19:34,830:INFO:Importing untrained model
2025-05-13 18:19:34,834:INFO:K-Means Clustering Imported successfully
2025-05-13 18:19:34,840:INFO:Fitting Model
2025-05-13 18:19:34,912:INFO:KMeans(n_clusters=3, random_state=5772)
2025-05-13 18:19:34,912:INFO:create_models() successfully completed......................................
2025-05-13 18:19:34,918:INFO:Uploading results into container
2025-05-13 18:19:34,920:INFO:Uploading model into container now
2025-05-13 18:19:34,930:INFO:_master_model_container: 1
2025-05-13 18:19:34,930:INFO:_display_container: 2
2025-05-13 18:19:34,931:INFO:KMeans(n_clusters=3, random_state=5772)
2025-05-13 18:19:34,931:INFO:create_model() successfully completed......................................
2025-05-13 18:19:38,433:INFO:Initializing plot_model()
2025-05-13 18:19:38,433:INFO:plot_model(self=<pycaret.clustering.oop.ClusteringExperiment object at 0x78461ffa0b10>, estimator=KMeans(n_clusters=3, random_state=5772), plot=cluster, scale=1, save=False, fold=None, fit_kwargs=None, plot_kwargs=None, groups=None, feature_name=None, label=False, verbose=True, system=True, display=None, display_format=None)
2025-05-13 18:19:38,433:INFO:Checking exceptions
2025-05-13 18:19:38,436:INFO:Preloading libraries
2025-05-13 18:19:38,437:INFO:Copying training dataset
2025-05-13 18:19:38,437:INFO:Plot type: cluster
2025-05-13 18:19:38,438:INFO:SubProcess assign_model() called ==================================
2025-05-13 18:19:38,438:INFO:Initializing assign_model()
2025-05-13 18:19:38,438:INFO:assign_model(self=<pycaret.clustering.oop.ClusteringExperiment object at 0x78461ffa0b10>, model=KMeans(n_clusters=3, random_state=5772), transformation=True, score=True, verbose=False)
2025-05-13 18:19:38,438:INFO:Checking exceptions
2025-05-13 18:19:38,439:INFO:Determining Trained Model
2025-05-13 18:19:38,439:INFO:Trained Model : K-Means Clustering
2025-05-13 18:19:38,439:INFO:Copying data
2025-05-13 18:19:38,540:INFO:Transformation parameter set to True. Assigned clusters are attached on transformed dataset.
2025-05-13 18:19:38,540:INFO:(138, 172)
2025-05-13 18:19:38,540:INFO:assign_model() successfully completed......................................
2025-05-13 18:19:38,541:INFO:SubProcess assign_model() end ==================================
2025-05-13 18:19:38,542:INFO:Fitting PCA()
2025-05-13 18:19:38,566:INFO:Sorting dataframe
2025-05-13 18:19:38,568:INFO:Rendering Visual
2025-05-13 18:19:38,851:INFO:Visual Rendered Successfully
2025-05-13 18:19:38,985:INFO:plot_model() successfully completed......................................
2025-05-13 19:10:27,509:WARNING:
'cuml' is a soft dependency and not included in the pycaret installation. Please run: `pip install cuml` to install.
2025-05-13 19:10:27,509:WARNING:
'cuml' is a soft dependency and not included in the pycaret installation. Please run: `pip install cuml` to install.
2025-05-13 19:10:27,510:WARNING:
'cuml' is a soft dependency and not included in the pycaret installation. Please run: `pip install cuml` to install.
2025-05-13 19:10:27,510:WARNING:
'cuml' is a soft dependency and not included in the pycaret installation. Please run: `pip install cuml` to install.
2025-05-13 19:10:27,663:INFO:PyCaret ClusteringExperiment
2025-05-13 19:10:27,663:INFO:Logging name: cluster-default-name
2025-05-13 19:10:27,663:INFO:ML Usecase: MLUsecase.CLUSTERING
2025-05-13 19:10:27,663:INFO:version 3.3.2
2025-05-13 19:10:27,663:INFO:Initializing setup()
2025-05-13 19:10:27,663:INFO:self.USI: 94c7
2025-05-13 19:10:27,663:INFO:self._variable_keys: {'_ml_usecase', 'seed', 'memory', 'log_plots_param', 'logging_param', 'pipeline', 'html_param', 'n_jobs_param', '_available_plots', 'exp_id', 'exp_name_log', 'idx', 'USI', 'gpu_param', 'gpu_n_jobs_param', 'X', 'data'}
2025-05-13 19:10:27,663:INFO:Checking environment
2025-05-13 19:10:27,663:INFO:python_version: 3.11.11
2025-05-13 19:10:27,663:INFO:python_build: ('main', 'Dec 11 2024 16:28:39')
2025-05-13 19:10:27,663:INFO:machine: x86_64
2025-05-13 19:10:27,663:INFO:platform: Linux-6.14.6-2-cachyos-x86_64-with-glibc2.41
2025-05-13 19:10:27,664:INFO:Memory: svmem(total=16523337728, available=9629814784, percent=41.7, used=5291995136, free=3227889664, active=5576671232, inactive=5299167232, buffers=4067328, cached=7999385600, shared=1249886208, slab=688889856)
2025-05-13 19:10:27,665:INFO:Physical Core: 4
2025-05-13 19:10:27,665:INFO:Logical Core: 8
2025-05-13 19:10:27,665:INFO:Checking libraries
2025-05-13 19:10:27,665:INFO:System:
2025-05-13 19:10:27,665:INFO:    python: 3.11.11 (main, Dec 11 2024, 16:28:39) [GCC 11.2.0]
2025-05-13 19:10:27,665:INFO:executable: /home/abdullatif/miniconda3/envs/pycaret/bin/python
2025-05-13 19:10:27,665:INFO:   machine: Linux-6.14.6-2-cachyos-x86_64-with-glibc2.41
2025-05-13 19:10:27,665:INFO:PyCaret required dependencies:
2025-05-13 19:10:27,688:INFO:                 pip: 25.1
2025-05-13 19:10:27,688:INFO:          setuptools: 78.1.1
2025-05-13 19:10:27,688:INFO:             pycaret: 3.3.2
2025-05-13 19:10:27,688:INFO:             IPython: 9.2.0
2025-05-13 19:10:27,688:INFO:          ipywidgets: 8.1.7
2025-05-13 19:10:27,688:INFO:                tqdm: 4.67.1
2025-05-13 19:10:27,688:INFO:               numpy: 1.26.4
2025-05-13 19:10:27,689:INFO:              pandas: 2.1.4
2025-05-13 19:10:27,689:INFO:              jinja2: 3.1.6
2025-05-13 19:10:27,689:INFO:               scipy: 1.11.4
2025-05-13 19:10:27,689:INFO:              joblib: 1.3.2
2025-05-13 19:10:27,689:INFO:             sklearn: 1.4.2
2025-05-13 19:10:27,689:INFO:                pyod: 2.0.5
2025-05-13 19:10:27,689:INFO:            imblearn: 0.13.0
2025-05-13 19:10:27,689:INFO:   category_encoders: 2.7.0
2025-05-13 19:10:27,689:INFO:            lightgbm: 4.6.0
2025-05-13 19:10:27,689:INFO:               numba: 0.61.2
2025-05-13 19:10:27,689:INFO:            requests: 2.32.3
2025-05-13 19:10:27,689:INFO:          matplotlib: 3.7.5
2025-05-13 19:10:27,689:INFO:          scikitplot: 0.3.7
2025-05-13 19:10:27,689:INFO:         yellowbrick: 1.5
2025-05-13 19:10:27,689:INFO:              plotly: 5.24.1
2025-05-13 19:10:27,689:INFO:    plotly-resampler: Not installed
2025-05-13 19:10:27,689:INFO:             kaleido: 0.2.1
2025-05-13 19:10:27,689:INFO:           schemdraw: 0.15
2025-05-13 19:10:27,689:INFO:         statsmodels: 0.14.4
2025-05-13 19:10:27,689:INFO:              sktime: 0.26.0
2025-05-13 19:10:27,689:INFO:               tbats: 1.1.3
2025-05-13 19:10:27,689:INFO:            pmdarima: 2.0.4
2025-05-13 19:10:27,689:INFO:              psutil: 5.9.0
2025-05-13 19:10:27,689:INFO:          markupsafe: 3.0.2
2025-05-13 19:10:27,689:INFO:             pickle5: Not installed
2025-05-13 19:10:27,689:INFO:         cloudpickle: 3.1.1
2025-05-13 19:10:27,690:INFO:         deprecation: 2.1.0
2025-05-13 19:10:27,690:INFO:              xxhash: 3.5.0
2025-05-13 19:10:27,690:INFO:           wurlitzer: 3.1.1
2025-05-13 19:10:27,690:INFO:PyCaret optional dependencies:
2025-05-13 19:10:27,704:INFO:                shap: Not installed
2025-05-13 19:10:27,704:INFO:           interpret: Not installed
2025-05-13 19:10:27,705:INFO:                umap: Not installed
2025-05-13 19:10:27,705:INFO:     ydata_profiling: Not installed
2025-05-13 19:10:27,705:INFO:  explainerdashboard: Not installed
2025-05-13 19:10:27,705:INFO:             autoviz: Not installed
2025-05-13 19:10:27,705:INFO:           fairlearn: Not installed
2025-05-13 19:10:27,705:INFO:          deepchecks: Not installed
2025-05-13 19:10:27,705:INFO:             xgboost: Not installed
2025-05-13 19:10:27,705:INFO:            catboost: Not installed
2025-05-13 19:10:27,705:INFO:              kmodes: Not installed
2025-05-13 19:10:27,705:INFO:             mlxtend: Not installed
2025-05-13 19:10:27,705:INFO:       statsforecast: Not installed
2025-05-13 19:10:27,705:INFO:        tune_sklearn: Not installed
2025-05-13 19:10:27,705:INFO:                 ray: Not installed
2025-05-13 19:10:27,705:INFO:            hyperopt: Not installed
2025-05-13 19:10:27,705:INFO:              optuna: Not installed
2025-05-13 19:10:27,705:INFO:               skopt: Not installed
2025-05-13 19:10:27,705:INFO:              mlflow: Not installed
2025-05-13 19:10:27,705:INFO:              gradio: Not installed
2025-05-13 19:10:27,705:INFO:             fastapi: Not installed
2025-05-13 19:10:27,705:INFO:             uvicorn: Not installed
2025-05-13 19:10:27,705:INFO:              m2cgen: Not installed
2025-05-13 19:10:27,705:INFO:           evidently: Not installed
2025-05-13 19:10:27,705:INFO:               fugue: Not installed
2025-05-13 19:10:27,705:INFO:           streamlit: Not installed
2025-05-13 19:10:27,705:INFO:             prophet: Not installed
2025-05-13 19:10:27,705:INFO:None
2025-05-13 19:10:27,705:INFO:Set up data.
2025-05-13 19:10:27,713:INFO:Set up index.
2025-05-13 19:10:27,713:INFO:Assigning column types.
2025-05-13 19:10:27,717:INFO:Engine successfully changes for model 'kmeans' to 'sklearn'.
2025-05-13 19:10:27,717:INFO:Engine for model 'dbscan' has not been set explicitly, hence returning None.
2025-05-13 19:10:27,717:WARNING:
'kmodes' is a soft dependency and not included in the pycaret installation. Please run: `pip install kmodes` to install.
Alternately, you can install this by running `pip install pycaret[models]`
2025-05-13 19:10:27,718:INFO:Engine for model 'dbscan' has not been set explicitly, hence returning None.
2025-05-13 19:10:27,718:WARNING:
'kmodes' is a soft dependency and not included in the pycaret installation. Please run: `pip install kmodes` to install.
Alternately, you can install this by running `pip install pycaret[models]`
2025-05-13 19:10:27,718:INFO:Engine successfully changes for model 'dbscan' to 'sklearn'.
2025-05-13 19:10:27,718:WARNING:
'kmodes' is a soft dependency and not included in the pycaret installation. Please run: `pip install kmodes` to install.
Alternately, you can install this by running `pip install pycaret[models]`
2025-05-13 19:10:27,718:WARNING:
'kmodes' is a soft dependency and not included in the pycaret installation. Please run: `pip install kmodes` to install.
Alternately, you can install this by running `pip install pycaret[models]`
2025-05-13 19:10:27,719:INFO:Preparing preprocessing pipeline...
2025-05-13 19:10:27,719:INFO:Set up simple imputation.
2025-05-13 19:10:27,720:INFO:Set up encoding of categorical features.
2025-05-13 19:10:27,788:INFO:Finished creating preprocessing pipeline.
2025-05-13 19:10:27,794:INFO:Pipeline: Pipeline(memory=FastMemory(location=/tmp/joblib),
         steps=[('numerical_imputer',
                 TransformerWrapper(include=['Military Strength Power Index',
                                             'Aircraft Strength value',
                                             'Fighter/Interceptor Strength '
                                             'value',
                                             'Attack Aircraft Strength value',
                                             'Transport Aircraft Fleet '
                                             'Strength value',
                                             'Trainer Aircraft Fleet value',
                                             'Helicopter Fleet Strength value',
                                             'Attack Helicopter Fleet Stre...
                                             'Total Border Coverage value', ...],
                                    transformer=SimpleImputer())),
                ('categorical_imputer',
                 TransformerWrapper(include=['Military Strength'],
                                    transformer=SimpleImputer(strategy='most_frequent'))),
                ('onehot_encoding',
                 TransformerWrapper(include=['Military Strength'],
                                    transformer=OneHotEncoder(cols=['Military '
                                                                    'Strength'],
                                                              handle_missing='return_nan',
                                                              use_cat_names=True)))])
2025-05-13 19:10:27,794:INFO:Creating final display dataframe.
2025-05-13 19:10:27,859:INFO:Setup _display_container:                  Description                 Value
0                 Session id                  2247
1        Original data shape             (138, 34)
2     Transformed data shape            (138, 171)
3           Numeric features                    33
4       Categorical features                     1
5                 Preprocess                  True
6            Imputation type                simple
7         Numeric imputation                  mean
8     Categorical imputation                  mode
9   Maximum one-hot encoding                    -1
10           Encoding method                  None
11                  CPU Jobs                    -1
12                   Use GPU                 False
13            Log Experiment                 False
14           Experiment Name  cluster-default-name
15                       USI                  94c7
2025-05-13 19:10:27,864:WARNING:
'kmodes' is a soft dependency and not included in the pycaret installation. Please run: `pip install kmodes` to install.
Alternately, you can install this by running `pip install pycaret[models]`
2025-05-13 19:10:27,865:WARNING:
'kmodes' is a soft dependency and not included in the pycaret installation. Please run: `pip install kmodes` to install.
Alternately, you can install this by running `pip install pycaret[models]`
2025-05-13 19:10:27,865:INFO:setup() successfully completed in 0.2s...............
2025-05-13 19:10:27,873:INFO:Initializing create_model()
2025-05-13 19:10:27,874:INFO:create_model(self=<pycaret.clustering.oop.ClusteringExperiment object at 0x74fbb4348bd0>, estimator=kmeans, num_clusters=3, fraction=0.05, ground_truth=None, round=4, fit_kwargs=None, experiment_custom_tags=None, verbose=True, system=True, add_to_model_list=True, raise_num_clusters=False, display=None, kwargs={})
2025-05-13 19:10:27,874:INFO:Checking exceptions
2025-05-13 19:10:28,001:INFO:Importing untrained model
2025-05-13 19:10:28,006:INFO:K-Means Clustering Imported successfully
2025-05-13 19:10:28,013:INFO:Fitting Model
2025-05-13 19:10:28,106:INFO:KMeans(n_clusters=3, random_state=2247)
2025-05-13 19:10:28,107:INFO:create_models() successfully completed......................................
2025-05-13 19:10:28,112:INFO:Uploading results into container
2025-05-13 19:10:28,114:INFO:Uploading model into container now
2025-05-13 19:10:28,129:INFO:_master_model_container: 1
2025-05-13 19:10:28,129:INFO:_display_container: 2
2025-05-13 19:10:28,130:INFO:KMeans(n_clusters=3, random_state=2247)
2025-05-13 19:10:28,130:INFO:create_model() successfully completed......................................
2025-05-13 19:10:28,282:INFO:Initializing plot_model()
2025-05-13 19:10:28,283:INFO:plot_model(self=<pycaret.clustering.oop.ClusteringExperiment object at 0x74fbb4348bd0>, estimator=KMeans(n_clusters=3, random_state=2247), plot=cluster, scale=1, save=False, fold=None, fit_kwargs=None, plot_kwargs=None, groups=None, feature_name=None, label=False, verbose=True, system=True, display=None, display_format=None)
2025-05-13 19:10:28,283:INFO:Checking exceptions
2025-05-13 19:10:28,288:INFO:Preloading libraries
2025-05-13 19:10:28,288:INFO:Copying training dataset
2025-05-13 19:10:28,289:INFO:Plot type: cluster
2025-05-13 19:10:28,290:INFO:SubProcess assign_model() called ==================================
2025-05-13 19:10:28,291:INFO:Initializing assign_model()
2025-05-13 19:10:28,291:INFO:assign_model(self=<pycaret.clustering.oop.ClusteringExperiment object at 0x74fbb4348bd0>, model=KMeans(n_clusters=3, random_state=2247), transformation=True, score=True, verbose=False)
2025-05-13 19:10:28,291:INFO:Checking exceptions
2025-05-13 19:10:28,291:INFO:Determining Trained Model
2025-05-13 19:10:28,291:INFO:Trained Model : K-Means Clustering
2025-05-13 19:10:28,291:INFO:Copying data
2025-05-13 19:10:28,413:INFO:Transformation parameter set to True. Assigned clusters are attached on transformed dataset.
2025-05-13 19:10:28,413:INFO:(138, 172)
2025-05-13 19:10:28,413:INFO:assign_model() successfully completed......................................
2025-05-13 19:10:28,413:INFO:SubProcess assign_model() end ==================================
2025-05-13 19:10:28,414:INFO:Fitting PCA()
2025-05-13 19:10:28,426:INFO:Sorting dataframe
2025-05-13 19:10:28,427:INFO:Rendering Visual
2025-05-13 19:10:28,690:INFO:Visual Rendered Successfully
2025-05-13 19:10:28,791:INFO:plot_model() successfully completed......................................
2025-05-13 19:12:48,482:WARNING:
'cuml' is a soft dependency and not included in the pycaret installation. Please run: `pip install cuml` to install.
2025-05-13 19:12:48,482:WARNING:
'cuml' is a soft dependency and not included in the pycaret installation. Please run: `pip install cuml` to install.
2025-05-13 19:12:48,482:WARNING:
'cuml' is a soft dependency and not included in the pycaret installation. Please run: `pip install cuml` to install.
2025-05-13 19:12:48,482:WARNING:
'cuml' is a soft dependency and not included in the pycaret installation. Please run: `pip install cuml` to install.
2025-05-13 19:12:50,797:INFO:PyCaret ClusteringExperiment
2025-05-13 19:12:50,797:INFO:Logging name: cluster-default-name
2025-05-13 19:12:50,798:INFO:ML Usecase: MLUsecase.CLUSTERING
2025-05-13 19:12:50,798:INFO:version 3.3.2
2025-05-13 19:12:50,798:INFO:Initializing setup()
2025-05-13 19:12:50,798:INFO:self.USI: 864c
2025-05-13 19:12:50,798:INFO:self._variable_keys: {'exp_id', 'pipeline', 'seed', 'logging_param', 'gpu_param', 'USI', 'memory', '_available_plots', 'exp_name_log', 'log_plots_param', 'html_param', 'gpu_n_jobs_param', 'data', 'n_jobs_param', 'idx', '_ml_usecase', 'X'}
2025-05-13 19:12:50,798:INFO:Checking environment
2025-05-13 19:12:50,798:INFO:python_version: 3.11.11
2025-05-13 19:12:50,798:INFO:python_build: ('main', 'Dec 11 2024 16:28:39')
2025-05-13 19:12:50,798:INFO:machine: x86_64
2025-05-13 19:12:50,798:INFO:platform: Linux-6.14.6-2-cachyos-x86_64-with-glibc2.41
2025-05-13 19:12:50,798:INFO:Memory: svmem(total=16523337728, available=9601040384, percent=41.9, used=5271461888, free=3181879296, active=5576970240, inactive=5316464640, buffers=4067328, cached=8065929216, shared=1299193856, slab=689606656)
2025-05-13 19:12:50,799:INFO:Physical Core: 4
2025-05-13 19:12:50,799:INFO:Logical Core: 8
2025-05-13 19:12:50,799:INFO:Checking libraries
2025-05-13 19:12:50,799:INFO:System:
2025-05-13 19:12:50,799:INFO:    python: 3.11.11 (main, Dec 11 2024, 16:28:39) [GCC 11.2.0]
2025-05-13 19:12:50,799:INFO:executable: /home/abdullatif/miniconda3/envs/pycaret/bin/python
2025-05-13 19:12:50,799:INFO:   machine: Linux-6.14.6-2-cachyos-x86_64-with-glibc2.41
2025-05-13 19:12:50,800:INFO:PyCaret required dependencies:
2025-05-13 19:12:50,823:INFO:                 pip: 25.1
2025-05-13 19:12:50,823:INFO:          setuptools: 78.1.1
2025-05-13 19:12:50,823:INFO:             pycaret: 3.3.2
2025-05-13 19:12:50,823:INFO:             IPython: 9.2.0
2025-05-13 19:12:50,823:INFO:          ipywidgets: 8.1.7
2025-05-13 19:12:50,823:INFO:                tqdm: 4.67.1
2025-05-13 19:12:50,823:INFO:               numpy: 1.26.4
2025-05-13 19:12:50,823:INFO:              pandas: 2.1.4
2025-05-13 19:12:50,823:INFO:              jinja2: 3.1.6
2025-05-13 19:12:50,823:INFO:               scipy: 1.11.4
2025-05-13 19:12:50,823:INFO:              joblib: 1.3.2
2025-05-13 19:12:50,823:INFO:             sklearn: 1.4.2
2025-05-13 19:12:50,823:INFO:                pyod: 2.0.5
2025-05-13 19:12:50,823:INFO:            imblearn: 0.13.0
2025-05-13 19:12:50,823:INFO:   category_encoders: 2.7.0
2025-05-13 19:12:50,823:INFO:            lightgbm: 4.6.0
2025-05-13 19:12:50,823:INFO:               numba: 0.61.2
2025-05-13 19:12:50,823:INFO:            requests: 2.32.3
2025-05-13 19:12:50,823:INFO:          matplotlib: 3.7.5
2025-05-13 19:12:50,824:INFO:          scikitplot: 0.3.7
2025-05-13 19:12:50,824:INFO:         yellowbrick: 1.5
2025-05-13 19:12:50,824:INFO:              plotly: 5.24.1
2025-05-13 19:12:50,824:INFO:    plotly-resampler: Not installed
2025-05-13 19:12:50,824:INFO:             kaleido: 0.2.1
2025-05-13 19:12:50,824:INFO:           schemdraw: 0.15
2025-05-13 19:12:50,824:INFO:         statsmodels: 0.14.4
2025-05-13 19:12:50,824:INFO:              sktime: 0.26.0
2025-05-13 19:12:50,824:INFO:               tbats: 1.1.3
2025-05-13 19:12:50,824:INFO:            pmdarima: 2.0.4
2025-05-13 19:12:50,824:INFO:              psutil: 5.9.0
2025-05-13 19:12:50,824:INFO:          markupsafe: 3.0.2
2025-05-13 19:12:50,824:INFO:             pickle5: Not installed
2025-05-13 19:12:50,824:INFO:         cloudpickle: 3.1.1
2025-05-13 19:12:50,824:INFO:         deprecation: 2.1.0
2025-05-13 19:12:50,824:INFO:              xxhash: 3.5.0
2025-05-13 19:12:50,824:INFO:           wurlitzer: 3.1.1
2025-05-13 19:12:50,824:INFO:PyCaret optional dependencies:
2025-05-13 19:12:50,837:INFO:                shap: Not installed
2025-05-13 19:12:50,837:INFO:           interpret: Not installed
2025-05-13 19:12:50,837:INFO:                umap: Not installed
2025-05-13 19:12:50,837:INFO:     ydata_profiling: Not installed
2025-05-13 19:12:50,837:INFO:  explainerdashboard: Not installed
2025-05-13 19:12:50,837:INFO:             autoviz: Not installed
2025-05-13 19:12:50,837:INFO:           fairlearn: Not installed
2025-05-13 19:12:50,837:INFO:          deepchecks: Not installed
2025-05-13 19:12:50,837:INFO:             xgboost: Not installed
2025-05-13 19:12:50,837:INFO:            catboost: Not installed
2025-05-13 19:12:50,837:INFO:              kmodes: Not installed
2025-05-13 19:12:50,838:INFO:             mlxtend: Not installed
2025-05-13 19:12:50,838:INFO:       statsforecast: Not installed
2025-05-13 19:12:50,838:INFO:        tune_sklearn: Not installed
2025-05-13 19:12:50,838:INFO:                 ray: Not installed
2025-05-13 19:12:50,838:INFO:            hyperopt: Not installed
2025-05-13 19:12:50,838:INFO:              optuna: Not installed
2025-05-13 19:12:50,838:INFO:               skopt: Not installed
2025-05-13 19:12:50,838:INFO:              mlflow: Not installed
2025-05-13 19:12:50,838:INFO:              gradio: Not installed
2025-05-13 19:12:50,838:INFO:             fastapi: Not installed
2025-05-13 19:12:50,838:INFO:             uvicorn: Not installed
2025-05-13 19:12:50,838:INFO:              m2cgen: Not installed
2025-05-13 19:12:50,838:INFO:           evidently: Not installed
2025-05-13 19:12:50,838:INFO:               fugue: Not installed
2025-05-13 19:12:50,838:INFO:           streamlit: Not installed
2025-05-13 19:12:50,838:INFO:             prophet: Not installed
2025-05-13 19:12:50,838:INFO:None
2025-05-13 19:12:50,838:INFO:Set up data.
2025-05-13 19:12:50,847:INFO:Set up index.
2025-05-13 19:12:50,847:INFO:Assigning column types.
2025-05-13 19:12:50,851:INFO:Engine successfully changes for model 'kmeans' to 'sklearn'.
2025-05-13 19:12:50,851:INFO:Engine for model 'dbscan' has not been set explicitly, hence returning None.
2025-05-13 19:12:50,851:WARNING:
'kmodes' is a soft dependency and not included in the pycaret installation. Please run: `pip install kmodes` to install.
Alternately, you can install this by running `pip install pycaret[models]`
2025-05-13 19:12:50,851:INFO:Engine for model 'dbscan' has not been set explicitly, hence returning None.
2025-05-13 19:12:50,851:WARNING:
'kmodes' is a soft dependency and not included in the pycaret installation. Please run: `pip install kmodes` to install.
Alternately, you can install this by running `pip install pycaret[models]`
2025-05-13 19:12:50,851:INFO:Engine successfully changes for model 'dbscan' to 'sklearn'.
2025-05-13 19:12:50,851:WARNING:
'kmodes' is a soft dependency and not included in the pycaret installation. Please run: `pip install kmodes` to install.
Alternately, you can install this by running `pip install pycaret[models]`
2025-05-13 19:12:50,852:WARNING:
'kmodes' is a soft dependency and not included in the pycaret installation. Please run: `pip install kmodes` to install.
Alternately, you can install this by running `pip install pycaret[models]`
2025-05-13 19:12:50,853:INFO:Preparing preprocessing pipeline...
2025-05-13 19:12:50,853:INFO:Set up simple imputation.
2025-05-13 19:12:50,855:INFO:Set up encoding of categorical features.
2025-05-13 19:12:50,929:INFO:Finished creating preprocessing pipeline.
2025-05-13 19:12:50,936:INFO:Pipeline: Pipeline(memory=FastMemory(location=/tmp/joblib),
         steps=[('numerical_imputer',
                 TransformerWrapper(include=['Military Strength Power Index',
                                             'Aircraft Strength value',
                                             'Fighter/Interceptor Strength '
                                             'value',
                                             'Attack Aircraft Strength value',
                                             'Transport Aircraft Fleet '
                                             'Strength value',
                                             'Trainer Aircraft Fleet value',
                                             'Helicopter Fleet Strength value',
                                             'Attack Helicopter Fleet Stre...
                                             'Total Border Coverage value', ...],
                                    transformer=SimpleImputer())),
                ('categorical_imputer',
                 TransformerWrapper(include=['Military Strength'],
                                    transformer=SimpleImputer(strategy='most_frequent'))),
                ('onehot_encoding',
                 TransformerWrapper(include=['Military Strength'],
                                    transformer=OneHotEncoder(cols=['Military '
                                                                    'Strength'],
                                                              handle_missing='return_nan',
                                                              use_cat_names=True)))])
2025-05-13 19:12:50,936:INFO:Creating final display dataframe.
2025-05-13 19:12:51,006:INFO:Setup _display_container:                  Description                 Value
0                 Session id                   274
1        Original data shape             (138, 34)
2     Transformed data shape            (138, 171)
3           Numeric features                    33
4       Categorical features                     1
5                 Preprocess                  True
6            Imputation type                simple
7         Numeric imputation                  mean
8     Categorical imputation                  mode
9   Maximum one-hot encoding                    -1
10           Encoding method                  None
11                  CPU Jobs                    -1
12                   Use GPU                 False
13            Log Experiment                 False
14           Experiment Name  cluster-default-name
15                       USI                  864c
2025-05-13 19:12:51,012:WARNING:
'kmodes' is a soft dependency and not included in the pycaret installation. Please run: `pip install kmodes` to install.
Alternately, you can install this by running `pip install pycaret[models]`
2025-05-13 19:12:51,013:WARNING:
'kmodes' is a soft dependency and not included in the pycaret installation. Please run: `pip install kmodes` to install.
Alternately, you can install this by running `pip install pycaret[models]`
2025-05-13 19:12:51,013:INFO:setup() successfully completed in 0.22s...............
2025-05-13 19:12:53,128:INFO:Initializing create_model()
2025-05-13 19:12:53,129:INFO:create_model(self=<pycaret.clustering.oop.ClusteringExperiment object at 0x73f7ab505a90>, estimator=kmeans, num_clusters=3, fraction=0.05, ground_truth=None, round=4, fit_kwargs=None, experiment_custom_tags=None, verbose=True, system=True, add_to_model_list=True, raise_num_clusters=False, display=None, kwargs={})
2025-05-13 19:12:53,129:INFO:Checking exceptions
2025-05-13 19:12:53,270:INFO:Importing untrained model
2025-05-13 19:12:53,274:INFO:K-Means Clustering Imported successfully
2025-05-13 19:12:53,283:INFO:Fitting Model
2025-05-13 19:12:53,386:INFO:KMeans(n_clusters=3, random_state=274)
2025-05-13 19:12:53,386:INFO:create_models() successfully completed......................................
2025-05-13 19:12:53,390:INFO:Uploading results into container
2025-05-13 19:12:53,391:INFO:Uploading model into container now
2025-05-13 19:12:53,397:INFO:_master_model_container: 1
2025-05-13 19:12:53,397:INFO:_display_container: 2
2025-05-13 19:12:53,397:INFO:KMeans(n_clusters=3, random_state=274)
2025-05-13 19:12:53,398:INFO:create_model() successfully completed......................................
